# JRE version: OpenJDK Runtime Environment Corretto-17.0.13.11.1 (17.0.13+11) (build 17.0.13+11-LTS)
# Java VM: OpenJDK 64-Bit Server VM Corretto-17.0.13.11.1 (17.0.13+11-LTS, mixed mode, sharing, tiered, compressed oops, compressed class ptrs, g1 gc, windows-amd64)
GC Precious Log:
 CPUs: 16 total, 16 available
 Memory: 48925M
 Large Page Support: Disabled
 NUMA Support: Disabled
 Compressed Oops: Enabled (Zero based)
 Heap Region Size: 4M
 Heap Min Capacity: 8M
 Heap Initial Capacity: 768M
 Heap Max Capacity: 6G
 Pre-touch: Disabled
 Parallel Workers: 13
 Concurrent Workers: 3
 Concurrent Refinement Workers: 13
 Periodic GC: Disabled
Heap:
 garbage-first heap   total 1257472K, used 330611K [0x0000000680000000, 0x0000000800000000)
  region size 4096K, 4 young (16384K), 4 survivors (16384K)
 Metaspace       used 101641K, committed 103552K, reserved 1179648K
  class space    used 13278K, committed 14208K, reserved 1048576K
GC Heap History (20 events):
Event: 5244.136 GC heap after
{Heap after GC invocations=141 (full 0):
 garbage-first heap   total 1368064K, used 293667K [0x0000000680000000, 0x0000000800000000)
  region size 4096K, 1 young (4096K), 1 survivors (4096K)
 Metaspace       used 101365K, committed 103232K, reserved 1179648K
  class space    used 13266K, committed 14208K, reserved 1048576K
}
Event: 5579.548 GC heap before
{Heap before GC invocations=141 (full 0):
 garbage-first heap   total 1368064K, used 416547K [0x0000000680000000, 0x0000000800000000)
  region size 4096K, 32 young (131072K), 1 survivors (4096K)
 Metaspace       used 101425K, committed 103296K, reserved 1179648K
  class space    used 13267K, committed 14208K, reserved 1048576K
}
Event: 5579.551 GC heap after
{Heap after GC invocations=142 (full 0):
 garbage-first heap   total 1368064K, used 296462K [0x0000000680000000, 0x0000000800000000)
  region size 4096K, 2 young (8192K), 2 survivors (8192K)
 Metaspace       used 101425K, committed 103296K, reserved 1179648K
  class space    used 13267K, committed 14208K, reserved 1048576K
}
Event: 5580.868 GC heap before
{Heap before GC invocations=143 (full 0):
 garbage-first heap   total 876544K, used 739459K [0x0000000680000000, 0x0000000800000000)
  region size 4096K, 87 young (356352K), 2 survivors (8192K)
 Metaspace       used 101465K, committed 103296K, reserved 1179648K
  class space    used 13267K, committed 14208K, reserved 1048576K
}
Event: 5580.878 GC heap after
{Heap after GC invocations=144 (full 0):
 garbage-first heap   total 876544K, used 235561K [0x0000000680000000, 0x0000000800000000)
  region size 4096K, 10 young (40960K), 10 survivors (40960K)
 Metaspace       used 101465K, committed 103296K, reserved 1179648K
  class space    used 13267K, committed 14208K, reserved 1048576K
}
Event: 5580.885 GC heap before
{Heap before GC invocations=144 (full 0):
 garbage-first heap   total 876544K, used 239657K [0x0000000680000000, 0x0000000800000000)
  region size 4096K, 11 young (45056K), 10 survivors (40960K)
 Metaspace       used 101465K, committed 103296K, reserved 1179648K
  class space    used 13267K, committed 14208K, reserved 1048576K
}
Event: 5580.894 GC heap after
{Heap after GC invocations=145 (full 0):
 garbage-first heap   total 876544K, used 200941K [0x0000000680000000, 0x0000000800000000)
  region size 4096K, 1 young (4096K), 1 survivors (4096K)
 Metaspace       used 101465K, committed 103296K, reserved 1179648K
  class space    used 13267K, committed 14208K, reserved 1048576K
}
Event: 5581.424 GC heap before
{Heap before GC invocations=145 (full 0):
 garbage-first heap   total 876544K, used 286957K [0x0000000680000000, 0x0000000800000000)
  region size 4096K, 24 young (98304K), 1 survivors (4096K)
 Metaspace       used 101518K, committed 103424K, reserved 1179648K
  class space    used 13269K, committed 14208K, reserved 1048576K
}
Event: 5581.430 GC heap after
{Heap after GC invocations=146 (full 0):
 garbage-first heap   total 876544K, used 214893K [0x0000000680000000, 0x0000000800000000)
  region size 4096K, 5 young (20480K), 5 survivors (20480K)
 Metaspace       used 101518K, committed 103424K, reserved 1179648K
  class space    used 13269K, committed 14208K, reserved 1048576K
}
Event: 5581.686 GC heap before
{Heap before GC invocations=147 (full 0):
 garbage-first heap   total 876544K, used 567149K [0x0000000680000000, 0x0000000800000000)
  region size 4096K, 81 young (331776K), 5 survivors (20480K)
 Metaspace       used 101519K, committed 103424K, reserved 1179648K
  class space    used 13269K, committed 14208K, reserved 1048576K
}
Event: 5581.710 GC heap after
{Heap after GC invocations=148 (full 0):
 garbage-first heap   total 876544K, used 300998K [0x0000000680000000, 0x0000000800000000)
  region size 4096K, 11 young (45056K), 11 survivors (45056K)
 Metaspace       used 101519K, committed 103424K, reserved 1179648K
  class space    used 13269K, committed 14208K, reserved 1048576K
}
Event: 5581.712 GC heap before
{Heap before GC invocations=148 (full 0):
 garbage-first heap   total 876544K, used 305094K [0x0000000680000000, 0x0000000800000000)
  region size 4096K, 12 young (49152K), 11 survivors (45056K)
 Metaspace       used 101519K, committed 103424K, reserved 1179648K
  class space    used 13269K, committed 14208K, reserved 1048576K
}
Event: 5581.726 GC heap after
{Heap after GC invocations=149 (full 0):
 garbage-first heap   total 876544K, used 286223K [0x0000000680000000, 0x0000000800000000)
  region size 4096K, 2 young (8192K), 2 survivors (8192K)
 Metaspace       used 101519K, committed 103424K, reserved 1179648K
  class space    used 13269K, committed 14208K, reserved 1048576K
}
Event: 5581.770 GC heap before
{Heap before GC invocations=149 (full 0):
 garbage-first heap   total 876544K, used 331279K [0x0000000680000000, 0x0000000800000000)
  region size 4096K, 15 young (61440K), 2 survivors (8192K)
 Metaspace       used 101519K, committed 103424K, reserved 1179648K
  class space    used 13269K, committed 14208K, reserved 1048576K
}
Event: 5581.789 GC heap after
{Heap after GC invocations=150 (full 0):
 garbage-first heap   total 876544K, used 322610K [0x0000000680000000, 0x0000000800000000)
  region size 4096K, 9 young (36864K), 9 survivors (36864K)
 Metaspace       used 101519K, committed 103424K, reserved 1179648K
  class space    used 13269K, committed 14208K, reserved 1048576K
}
Event: 5694.198 GC heap before
{Heap before GC invocations=151 (full 0):
 garbage-first heap   total 876544K, used 711730K [0x0000000680000000, 0x0000000800000000)
  region size 4096K, 59 young (241664K), 9 survivors (36864K)
 Metaspace       used 101604K, committed 103488K, reserved 1179648K
  class space    used 13270K, committed 14208K, reserved 1048576K
}
Event: 5694.216 GC heap after
{Heap after GC invocations=152 (full 0):
 garbage-first heap   total 876544K, used 344421K [0x0000000680000000, 0x0000000800000000)
  region size 4096K, 8 young (32768K), 8 survivors (32768K)
 Metaspace       used 101604K, committed 103488K, reserved 1179648K
  class space    used 13270K, committed 14208K, reserved 1048576K
}
Event: 5694.255 GC heap before
{Heap before GC invocations=152 (full 0):
 garbage-first heap   total 876544K, used 352613K [0x0000000680000000, 0x0000000800000000)
  region size 4096K, 10 young (40960K), 8 survivors (32768K)
 Metaspace       used 101604K, committed 103488K, reserved 1179648K
  class space    used 13270K, committed 14208K, reserved 1048576K
}
Event: 5694.263 GC heap after
{Heap after GC invocations=153 (full 0):
 garbage-first heap   total 876544K, used 321875K [0x0000000680000000, 0x0000000800000000)
  region size 4096K, 2 young (8192K), 2 survivors (8192K)
 Metaspace       used 101604K, committed 103488K, reserved 1179648K
  class space    used 13270K, committed 14208K, reserved 1048576K
}
Event: 5694.685 GC heap before
{Heap before GC invocations=153 (full 0):
 garbage-first heap   total 876544K, used 428371K [0x0000000680000000, 0x0000000800000000)
  region size 4096K, 30 young (122880K), 2 survivors (8192K)
 Metaspace       used 101641K, committed 103552K, reserved 1179648K
  class space    used 13278K, committed 14208K, reserved 1048576K
}

